<?xml version="1.0" encoding="UTF-8"?>
<!-- Generated by org.testng.reporters.JUnitReportReporter -->
<testsuite hostname="Moonkey" name="profileTest" tests="3" failures="0" timestamp="7 Apr 2016 05:53:19 GMT" time="29.671" errors="0">
  <testcase name="invalidNewPassword" time="10.211" classname="profileTest"/>
  <testcase name="invalidOldPassword" time="9.652" classname="profileTest"/>
  <testcase name="invalidRepeatedPassword" time="9.808" classname="profileTest"/>
</testsuite> <!-- profileTest -->
