<?xml version="1.0" encoding="UTF-8"?>
<!-- Generated by org.testng.reporters.JUnitReportReporter -->
<testsuite hostname="Moonkey" name="Main" tests="3" failures="0" timestamp="7 Apr 2016 05:01:43 GMT" time="16.698" errors="0">
  <testcase name="invalidUsername" time="5.290" classname="Main"/>
  <testcase name="invalidPassword" time="5.341" classname="Main"/>
  <testcase name="emptyPasswordUsername" time="6.067" classname="Main"/>
</testsuite> <!-- Main -->
